[0.728s] DEBUG:colcon:Command line arguments: ['/usr/bin/colcon', 'build', '--symlink-install']
[0.729s] DEBUG:colcon:Parsed command line arguments: Namespace(allow_overriding=[], ament_cmake_args=None, base_paths=['.'], build_base='build', catkin_cmake_args=None, catkin_skip_building_tests=False, cmake_args=None, cmake_clean_cache=False, cmake_clean_first=False, cmake_force_configure=False, cmake_target=None, cmake_target_skip_unavailable=False, continue_on_error=False, event_handlers=None, executor='parallel', ignore_user_meta=False, install_base='install', log_base=None, log_level=None, main=<bound method BuildVerb.main of <colcon_core.verb.build.BuildVerb object at 0x7f2c9af33190>>, merge_install=False, metas=['./colcon.meta'], packages_above=None, packages_above_and_dependencies=None, packages_above_depth=None, packages_end=None, packages_ignore=None, packages_ignore_regex=None, packages_select=None, packages_select_build_failed=False, packages_select_by_dep=None, packages_select_regex=None, packages_select_test_failures=False, packages_skip=None, packages_skip_build_finished=False, packages_skip_by_dep=None, packages_skip_regex=None, packages_skip_test_passed=False, packages_skip_up_to=None, packages_start=None, packages_up_to=None, packages_up_to_regex=None, parallel_workers=6, paths=None, symlink_install=True, test_result_base=None, verb_extension=<colcon_core.verb.build.BuildVerb object at 0x7f2c9af33190>, verb_name='build', verb_parser=<colcon_defaults.argument_parser.defaults.DefaultArgumentsDecorator object at 0x7f2c9af336d0>)
[0.788s] Level 1:colcon.colcon_core.package_discovery:discover_packages(colcon_meta) check parameters
[0.789s] Level 1:colcon.colcon_core.package_discovery:discover_packages(recursive) check parameters
[0.789s] Level 1:colcon.colcon_core.package_discovery:discover_packages(ignore) check parameters
[0.789s] Level 1:colcon.colcon_core.package_discovery:discover_packages(path) check parameters
[0.789s] Level 1:colcon.colcon_core.package_discovery:discover_packages(colcon_meta) discover
[0.789s] Level 1:colcon.colcon_core.package_discovery:discover_packages(recursive) discover
[0.789s] INFO:colcon.colcon_core.package_discovery:Crawling recursively for packages in '/home/amongus/ros2_ws/src/turtlebot_control'
[0.789s] Level 1:colcon.colcon_core.package_identification:_identify(.) by extensions ['ignore', 'ignore_ament_install']
[0.789s] Level 1:colcon.colcon_core.package_identification:_identify(.) by extension 'ignore'
[0.790s] Level 1:colcon.colcon_core.package_identification:_identify(.) by extension 'ignore_ament_install'
[0.790s] Level 1:colcon.colcon_core.package_identification:_identify(.) by extensions ['colcon_pkg']
[0.790s] Level 1:colcon.colcon_core.package_identification:_identify(.) by extension 'colcon_pkg'
[0.790s] Level 1:colcon.colcon_core.package_identification:_identify(.) by extensions ['colcon_meta']
[0.790s] Level 1:colcon.colcon_core.package_identification:_identify(.) by extension 'colcon_meta'
[0.790s] Level 1:colcon.colcon_core.package_identification:_identify(.) by extensions ['ros']
[0.790s] Level 1:colcon.colcon_core.package_identification:_identify(.) by extension 'ros'
[0.849s] DEBUG:colcon.colcon_core.package_identification:Package '.' with type 'ros.ament_python' and name 'turtlebot_control'
[0.849s] Level 1:colcon.colcon_core.package_discovery:discover_packages(recursive) using defaults
[0.849s] Level 1:colcon.colcon_core.package_discovery:discover_packages(ignore) discover
[0.849s] Level 1:colcon.colcon_core.package_discovery:discover_packages(ignore) using defaults
[0.849s] Level 1:colcon.colcon_core.package_discovery:discover_packages(path) discover
[0.849s] Level 1:colcon.colcon_core.package_discovery:discover_packages(path) using defaults
[0.897s] Level 1:colcon.colcon_core.package_discovery:discover_packages(prefix_path) check parameters
[0.897s] Level 1:colcon.colcon_core.package_discovery:discover_packages(prefix_path) discover
[0.903s] DEBUG:colcon.colcon_installed_package_information.package_discovery:Found 2 installed packages in /home/amongus/ros2_ws/install
[0.906s] DEBUG:colcon.colcon_installed_package_information.package_discovery:Found 2 installed packages in /home/amongus/ros2_ws/src/install
[0.913s] DEBUG:colcon.colcon_installed_package_information.package_discovery:Found 389 installed packages in /opt/ros/foxy
[0.918s] Level 1:colcon.colcon_core.package_discovery:discover_packages(prefix_path) using defaults
[1.092s] Level 5:colcon.colcon_core.verb:set package 'turtlebot_control' build argument 'cmake_args' from command line to 'None'
[1.092s] Level 5:colcon.colcon_core.verb:set package 'turtlebot_control' build argument 'cmake_target' from command line to 'None'
[1.092s] Level 5:colcon.colcon_core.verb:set package 'turtlebot_control' build argument 'cmake_target_skip_unavailable' from command line to 'False'
[1.092s] Level 5:colcon.colcon_core.verb:set package 'turtlebot_control' build argument 'cmake_clean_cache' from command line to 'False'
[1.092s] Level 5:colcon.colcon_core.verb:set package 'turtlebot_control' build argument 'cmake_clean_first' from command line to 'False'
[1.092s] Level 5:colcon.colcon_core.verb:set package 'turtlebot_control' build argument 'cmake_force_configure' from command line to 'False'
[1.092s] Level 5:colcon.colcon_core.verb:set package 'turtlebot_control' build argument 'ament_cmake_args' from command line to 'None'
[1.092s] Level 5:colcon.colcon_core.verb:set package 'turtlebot_control' build argument 'catkin_cmake_args' from command line to 'None'
[1.092s] Level 5:colcon.colcon_core.verb:set package 'turtlebot_control' build argument 'catkin_skip_building_tests' from command line to 'False'
[1.093s] DEBUG:colcon.colcon_core.verb:Building package 'turtlebot_control' with the following arguments: {'ament_cmake_args': None, 'build_base': '/home/amongus/ros2_ws/src/turtlebot_control/build/turtlebot_control', 'catkin_cmake_args': None, 'catkin_skip_building_tests': False, 'cmake_args': None, 'cmake_clean_cache': False, 'cmake_clean_first': False, 'cmake_force_configure': False, 'cmake_target': None, 'cmake_target_skip_unavailable': False, 'install_base': '/home/amongus/ros2_ws/src/turtlebot_control/install/turtlebot_control', 'merge_install': False, 'path': '/home/amongus/ros2_ws/src/turtlebot_control', 'symlink_install': True, 'test_result_base': None}
[1.094s] INFO:colcon.colcon_core.executor:Executing jobs using 'parallel' executor
[1.103s] DEBUG:colcon.colcon_parallel_executor.executor.parallel:run_until_complete
[1.104s] INFO:colcon.colcon_ros.task.ament_python.build:Building ROS package in '/home/amongus/ros2_ws/src/turtlebot_control' with build type 'ament_python'
[1.104s] Level 1:colcon.colcon_core.shell:create_environment_hook('turtlebot_control', 'ament_prefix_path')
[1.118s] INFO:colcon.colcon_core.plugin_system:Skipping extension 'colcon_core.shell.bat': Not used on non-Windows systems
[1.119s] INFO:colcon.colcon_core.shell:Creating environment hook '/home/amongus/ros2_ws/src/turtlebot_control/install/turtlebot_control/share/turtlebot_control/hook/ament_prefix_path.ps1'
[1.121s] INFO:colcon.colcon_core.shell:Creating environment descriptor '/home/amongus/ros2_ws/src/turtlebot_control/install/turtlebot_control/share/turtlebot_control/hook/ament_prefix_path.dsv'
[1.122s] INFO:colcon.colcon_core.shell:Creating environment hook '/home/amongus/ros2_ws/src/turtlebot_control/install/turtlebot_control/share/turtlebot_control/hook/ament_prefix_path.sh'
[1.126s] INFO:colcon.colcon_core.shell:Skip shell extension 'powershell' for command environment: Not usable outside of PowerShell
[1.126s] DEBUG:colcon.colcon_core.shell:Skip shell extension 'dsv' for command environment
[1.699s] INFO:colcon.colcon_core.task.python.build:Building Python package in '/home/amongus/ros2_ws/src/turtlebot_control'
[1.702s] INFO:colcon.colcon_core.shell:Skip shell extension 'powershell' for command environment: Not usable outside of PowerShell
[1.703s] DEBUG:colcon.colcon_core.shell:Skip shell extension 'dsv' for command environment
[2.902s] DEBUG:colcon.colcon_core.event_handler.log_command:Invoking command in '/home/amongus/ros2_ws/src/turtlebot_control/build/turtlebot_control': PYTHONPATH=/home/amongus/ros2_ws/src/turtlebot_control/build/turtlebot_control/prefix_override:/home/amongus/ros2_ws/src/turtlebot_control/install/turtlebot_control/lib/python3.8/site-packages:${PYTHONPATH} /usr/bin/python3 setup.py develop --editable --build-directory /home/amongus/ros2_ws/src/turtlebot_control/build/turtlebot_control/build --no-deps install_data
[4.037s] Level 1:colcon.colcon_core.shell:create_environment_hook('turtlebot_control', 'pythonpath_develop')
[4.040s] INFO:colcon.colcon_core.shell:Creating environment hook '/home/amongus/ros2_ws/src/turtlebot_control/build/turtlebot_control/share/turtlebot_control/hook/pythonpath_develop.ps1'
[4.042s] DEBUG:colcon.colcon_core.event_handler.log_command:Invoked command in '/home/amongus/ros2_ws/src/turtlebot_control/build/turtlebot_control' returned '0': PYTHONPATH=/home/amongus/ros2_ws/src/turtlebot_control/build/turtlebot_control/prefix_override:/home/amongus/ros2_ws/src/turtlebot_control/install/turtlebot_control/lib/python3.8/site-packages:${PYTHONPATH} /usr/bin/python3 setup.py develop --editable --build-directory /home/amongus/ros2_ws/src/turtlebot_control/build/turtlebot_control/build --no-deps install_data
[4.043s] INFO:colcon.colcon_core.shell:Creating environment descriptor '/home/amongus/ros2_ws/src/turtlebot_control/build/turtlebot_control/share/turtlebot_control/hook/pythonpath_develop.dsv'
[4.044s] INFO:colcon.colcon_core.shell:Creating environment hook '/home/amongus/ros2_ws/src/turtlebot_control/build/turtlebot_control/share/turtlebot_control/hook/pythonpath_develop.sh'
[4.058s] Level 1:colcon.colcon_core.environment:checking '/home/amongus/ros2_ws/src/turtlebot_control/install/turtlebot_control' for CMake module files
[4.060s] Level 1:colcon.colcon_core.environment:checking '/home/amongus/ros2_ws/src/turtlebot_control/install/turtlebot_control' for CMake config files
[4.061s] Level 1:colcon.colcon_core.environment:checking '/home/amongus/ros2_ws/src/turtlebot_control/install/turtlebot_control/lib'
[4.068s] Level 1:colcon.colcon_core.environment:checking '/home/amongus/ros2_ws/src/turtlebot_control/install/turtlebot_control/bin'
[4.068s] Level 1:colcon.colcon_core.environment:checking '/home/amongus/ros2_ws/src/turtlebot_control/install/turtlebot_control/lib/pkgconfig/turtlebot_control.pc'
[4.069s] Level 1:colcon.colcon_core.environment:checking '/home/amongus/ros2_ws/src/turtlebot_control/install/turtlebot_control/lib/python3.8/site-packages'
[4.069s] Level 1:colcon.colcon_core.shell:create_environment_hook('turtlebot_control', 'pythonpath')
[4.072s] INFO:colcon.colcon_core.shell:Creating environment hook '/home/amongus/ros2_ws/src/turtlebot_control/install/turtlebot_control/share/turtlebot_control/hook/pythonpath.ps1'
[4.073s] INFO:colcon.colcon_core.shell:Creating environment descriptor '/home/amongus/ros2_ws/src/turtlebot_control/install/turtlebot_control/share/turtlebot_control/hook/pythonpath.dsv'
[4.073s] INFO:colcon.colcon_core.shell:Creating environment hook '/home/amongus/ros2_ws/src/turtlebot_control/install/turtlebot_control/share/turtlebot_control/hook/pythonpath.sh'
[4.074s] Level 1:colcon.colcon_core.environment:checking '/home/amongus/ros2_ws/src/turtlebot_control/install/turtlebot_control/bin'
[4.075s] Level 1:colcon.colcon_core.environment:create_environment_scripts_only(turtlebot_control)
[4.078s] INFO:colcon.colcon_core.shell:Creating package script '/home/amongus/ros2_ws/src/turtlebot_control/install/turtlebot_control/share/turtlebot_control/package.ps1'
[4.081s] INFO:colcon.colcon_core.shell:Creating package descriptor '/home/amongus/ros2_ws/src/turtlebot_control/install/turtlebot_control/share/turtlebot_control/package.dsv'
[4.082s] INFO:colcon.colcon_core.shell:Creating package script '/home/amongus/ros2_ws/src/turtlebot_control/install/turtlebot_control/share/turtlebot_control/package.sh'
[4.084s] INFO:colcon.colcon_core.shell:Creating package script '/home/amongus/ros2_ws/src/turtlebot_control/install/turtlebot_control/share/turtlebot_control/package.bash'
[4.085s] INFO:colcon.colcon_core.shell:Creating package script '/home/amongus/ros2_ws/src/turtlebot_control/install/turtlebot_control/share/turtlebot_control/package.zsh'
[4.087s] Level 1:colcon.colcon_core.environment:create_file_with_runtime_dependencies(/home/amongus/ros2_ws/src/turtlebot_control/install/turtlebot_control/share/colcon-core/packages/turtlebot_control)
[4.088s] DEBUG:colcon.colcon_parallel_executor.executor.parallel:closing loop
[4.089s] DEBUG:colcon.colcon_parallel_executor.executor.parallel:loop closed
[4.091s] DEBUG:colcon.colcon_parallel_executor.executor.parallel:run_until_complete finished with '0'
[4.091s] DEBUG:colcon.colcon_core.event_reactor:joining thread
[4.106s] INFO:colcon.colcon_core.plugin_system:Skipping extension 'colcon_notification.desktop_notification.terminal_notifier': Not used on non-Darwin systems
[4.106s] INFO:colcon.colcon_core.plugin_system:Skipping extension 'colcon_notification.desktop_notification.win32': Not used on non-Windows systems
[4.106s] INFO:colcon.colcon_notification.desktop_notification:Sending desktop notification using 'notify2'
[4.165s] DEBUG:colcon.colcon_core.event_reactor:joined thread
[4.169s] INFO:colcon.colcon_core.shell:Creating prefix script '/home/amongus/ros2_ws/src/turtlebot_control/install/local_setup.ps1'
[4.171s] INFO:colcon.colcon_core.shell:Creating prefix util module '/home/amongus/ros2_ws/src/turtlebot_control/install/_local_setup_util_ps1.py'
[4.175s] INFO:colcon.colcon_core.shell:Creating prefix chain script '/home/amongus/ros2_ws/src/turtlebot_control/install/setup.ps1'
[4.179s] INFO:colcon.colcon_core.shell:Creating prefix script '/home/amongus/ros2_ws/src/turtlebot_control/install/local_setup.sh'
[4.181s] INFO:colcon.colcon_core.shell:Creating prefix util module '/home/amongus/ros2_ws/src/turtlebot_control/install/_local_setup_util_sh.py'
[4.182s] INFO:colcon.colcon_core.shell:Creating prefix chain script '/home/amongus/ros2_ws/src/turtlebot_control/install/setup.sh'
[4.185s] INFO:colcon.colcon_core.shell:Creating prefix script '/home/amongus/ros2_ws/src/turtlebot_control/install/local_setup.bash'
[4.186s] INFO:colcon.colcon_core.shell:Creating prefix chain script '/home/amongus/ros2_ws/src/turtlebot_control/install/setup.bash'
[4.190s] INFO:colcon.colcon_core.shell:Creating prefix script '/home/amongus/ros2_ws/src/turtlebot_control/install/local_setup.zsh'
[4.191s] INFO:colcon.colcon_core.shell:Creating prefix chain script '/home/amongus/ros2_ws/src/turtlebot_control/install/setup.zsh'
