[0.158s] DEBUG:colcon:Command line arguments: ['/usr/bin/colcon', 'build', '--symlink-install']
[0.158s] DEBUG:colcon:Parsed command line arguments: Namespace(allow_overriding=[], ament_cmake_args=None, base_paths=['.'], build_base='build', catkin_cmake_args=None, catkin_skip_building_tests=False, cmake_args=None, cmake_clean_cache=False, cmake_clean_first=False, cmake_force_configure=False, cmake_target=None, cmake_target_skip_unavailable=False, continue_on_error=False, event_handlers=None, executor='parallel', ignore_user_meta=False, install_base='install', log_base=None, log_level=None, main=<bound method BuildVerb.main of <colcon_core.verb.build.BuildVerb object at 0x7f6495692b50>>, merge_install=False, metas=['./colcon.meta'], packages_above=None, packages_above_and_dependencies=None, packages_above_depth=None, packages_end=None, packages_ignore=None, packages_ignore_regex=None, packages_select=None, packages_select_build_failed=False, packages_select_by_dep=None, packages_select_regex=None, packages_select_test_failures=False, packages_skip=None, packages_skip_build_finished=False, packages_skip_by_dep=None, packages_skip_regex=None, packages_skip_test_passed=False, packages_skip_up_to=None, packages_start=None, packages_up_to=None, packages_up_to_regex=None, parallel_workers=16, paths=None, symlink_install=True, test_result_base=None, verb_extension=<colcon_core.verb.build.BuildVerb object at 0x7f6495692b50>, verb_name='build', verb_parser=<colcon_defaults.argument_parser.defaults.DefaultArgumentsDecorator object at 0x7f649569f100>)
[0.174s] Level 1:colcon.colcon_core.package_discovery:discover_packages(colcon_meta) check parameters
[0.202s] Level 1:colcon.colcon_core.package_discovery:discover_packages(recursive) check parameters
[0.202s] Level 1:colcon.colcon_core.package_discovery:discover_packages(ignore) check parameters
[0.202s] Level 1:colcon.colcon_core.package_discovery:discover_packages(path) check parameters
[0.202s] Level 1:colcon.colcon_core.package_discovery:discover_packages(colcon_meta) discover
[0.202s] Level 1:colcon.colcon_core.package_discovery:discover_packages(recursive) discover
[0.202s] INFO:colcon.colcon_core.package_discovery:Crawling recursively for packages in '/home/zoli/Asztal/kotpro'
[0.202s] Level 1:colcon.colcon_core.package_identification:_identify(.) by extensions ['ignore', 'ignore_ament_install']
[0.203s] Level 1:colcon.colcon_core.package_identification:_identify(.) by extension 'ignore'
[0.203s] Level 1:colcon.colcon_core.package_identification:_identify(.) by extension 'ignore_ament_install'
[0.203s] Level 1:colcon.colcon_core.package_identification:_identify(.) by extensions ['colcon_pkg']
[0.203s] Level 1:colcon.colcon_core.package_identification:_identify(.) by extension 'colcon_pkg'
[0.203s] Level 1:colcon.colcon_core.package_identification:_identify(.) by extensions ['colcon_meta']
[0.203s] Level 1:colcon.colcon_core.package_identification:_identify(.) by extension 'colcon_meta'
[0.203s] Level 1:colcon.colcon_core.package_identification:_identify(.) by extensions ['ros']
[0.203s] Level 1:colcon.colcon_core.package_identification:_identify(.) by extension 'ros'
[0.216s] DEBUG:colcon.colcon_core.package_identification:Package '.' with type 'ros.ament_python' and name 'turtlebot_control'
[0.216s] Level 1:colcon.colcon_core.package_discovery:discover_packages(recursive) using defaults
[0.216s] Level 1:colcon.colcon_core.package_discovery:discover_packages(ignore) discover
[0.216s] Level 1:colcon.colcon_core.package_discovery:discover_packages(ignore) using defaults
[0.216s] Level 1:colcon.colcon_core.package_discovery:discover_packages(path) discover
[0.216s] Level 1:colcon.colcon_core.package_discovery:discover_packages(path) using defaults
[0.227s] Level 1:colcon.colcon_core.package_discovery:discover_packages(prefix_path) check parameters
[0.227s] Level 1:colcon.colcon_core.package_discovery:discover_packages(prefix_path) discover
[0.229s] DEBUG:colcon.colcon_installed_package_information.package_discovery:Found 34 installed packages in /home/zoli/ros2_ws/install
[0.231s] DEBUG:colcon.colcon_installed_package_information.package_discovery:Found 389 installed packages in /opt/ros/foxy
[0.232s] Level 1:colcon.colcon_core.package_discovery:discover_packages(prefix_path) using defaults
[0.271s] Level 5:colcon.colcon_core.verb:set package 'turtlebot_control' build argument 'cmake_args' from command line to 'None'
[0.271s] Level 5:colcon.colcon_core.verb:set package 'turtlebot_control' build argument 'cmake_target' from command line to 'None'
[0.271s] Level 5:colcon.colcon_core.verb:set package 'turtlebot_control' build argument 'cmake_target_skip_unavailable' from command line to 'False'
[0.271s] Level 5:colcon.colcon_core.verb:set package 'turtlebot_control' build argument 'cmake_clean_cache' from command line to 'False'
[0.271s] Level 5:colcon.colcon_core.verb:set package 'turtlebot_control' build argument 'cmake_clean_first' from command line to 'False'
[0.271s] Level 5:colcon.colcon_core.verb:set package 'turtlebot_control' build argument 'cmake_force_configure' from command line to 'False'
[0.271s] Level 5:colcon.colcon_core.verb:set package 'turtlebot_control' build argument 'ament_cmake_args' from command line to 'None'
[0.271s] Level 5:colcon.colcon_core.verb:set package 'turtlebot_control' build argument 'catkin_cmake_args' from command line to 'None'
[0.271s] Level 5:colcon.colcon_core.verb:set package 'turtlebot_control' build argument 'catkin_skip_building_tests' from command line to 'False'
[0.271s] DEBUG:colcon.colcon_core.verb:Building package 'turtlebot_control' with the following arguments: {'ament_cmake_args': None, 'build_base': '/home/zoli/Asztal/kotpro/build/turtlebot_control', 'catkin_cmake_args': None, 'catkin_skip_building_tests': False, 'cmake_args': None, 'cmake_clean_cache': False, 'cmake_clean_first': False, 'cmake_force_configure': False, 'cmake_target': None, 'cmake_target_skip_unavailable': False, 'install_base': '/home/zoli/Asztal/kotpro/install/turtlebot_control', 'merge_install': False, 'path': '/home/zoli/Asztal/kotpro', 'symlink_install': True, 'test_result_base': None}
[0.271s] INFO:colcon.colcon_core.executor:Executing jobs using 'parallel' executor
[0.273s] DEBUG:colcon.colcon_parallel_executor.executor.parallel:run_until_complete
[0.274s] INFO:colcon.colcon_ros.task.ament_python.build:Building ROS package in '/home/zoli/Asztal/kotpro' with build type 'ament_python'
[0.274s] Level 1:colcon.colcon_core.shell:create_environment_hook('turtlebot_control', 'ament_prefix_path')
[0.276s] INFO:colcon.colcon_core.plugin_system:Skipping extension 'colcon_core.shell.bat': Not used on non-Windows systems
[0.276s] INFO:colcon.colcon_core.shell:Creating environment hook '/home/zoli/Asztal/kotpro/install/turtlebot_control/share/turtlebot_control/hook/ament_prefix_path.ps1'
[0.277s] INFO:colcon.colcon_core.shell:Creating environment descriptor '/home/zoli/Asztal/kotpro/install/turtlebot_control/share/turtlebot_control/hook/ament_prefix_path.dsv'
[0.277s] INFO:colcon.colcon_core.shell:Creating environment hook '/home/zoli/Asztal/kotpro/install/turtlebot_control/share/turtlebot_control/hook/ament_prefix_path.sh'
[0.278s] INFO:colcon.colcon_core.shell:Skip shell extension 'powershell' for command environment: Not usable outside of PowerShell
[0.278s] DEBUG:colcon.colcon_core.shell:Skip shell extension 'dsv' for command environment
[0.406s] INFO:colcon.colcon_core.task.python.build:Building Python package in '/home/zoli/Asztal/kotpro'
[0.409s] INFO:colcon.colcon_core.shell:Skip shell extension 'powershell' for command environment: Not usable outside of PowerShell
[0.409s] DEBUG:colcon.colcon_core.shell:Skip shell extension 'dsv' for command environment
[0.633s] DEBUG:colcon.colcon_core.event_handler.log_command:Invoking command in '/home/zoli/Asztal/kotpro/build/turtlebot_control': PYTHONPATH=/home/zoli/Asztal/kotpro/build/turtlebot_control/prefix_override:/home/zoli/Asztal/kotpro/install/turtlebot_control/lib/python3.8/site-packages:${PYTHONPATH} /usr/bin/python3 setup.py develop --editable --build-directory /home/zoli/Asztal/kotpro/build/turtlebot_control/build --no-deps install_data
[0.873s] Level 1:colcon.colcon_core.shell:create_environment_hook('turtlebot_control', 'pythonpath_develop')
[0.874s] DEBUG:colcon.colcon_core.event_handler.log_command:Invoked command in '/home/zoli/Asztal/kotpro/build/turtlebot_control' returned '0': PYTHONPATH=/home/zoli/Asztal/kotpro/build/turtlebot_control/prefix_override:/home/zoli/Asztal/kotpro/install/turtlebot_control/lib/python3.8/site-packages:${PYTHONPATH} /usr/bin/python3 setup.py develop --editable --build-directory /home/zoli/Asztal/kotpro/build/turtlebot_control/build --no-deps install_data
[0.874s] INFO:colcon.colcon_core.shell:Creating environment hook '/home/zoli/Asztal/kotpro/build/turtlebot_control/share/turtlebot_control/hook/pythonpath_develop.ps1'
[0.875s] INFO:colcon.colcon_core.shell:Creating environment descriptor '/home/zoli/Asztal/kotpro/build/turtlebot_control/share/turtlebot_control/hook/pythonpath_develop.dsv'
[0.875s] INFO:colcon.colcon_core.shell:Creating environment hook '/home/zoli/Asztal/kotpro/build/turtlebot_control/share/turtlebot_control/hook/pythonpath_develop.sh'
[0.885s] Level 1:colcon.colcon_core.environment:checking '/home/zoli/Asztal/kotpro/install/turtlebot_control' for CMake module files
[0.885s] Level 1:colcon.colcon_core.environment:checking '/home/zoli/Asztal/kotpro/install/turtlebot_control' for CMake config files
[0.886s] Level 1:colcon.colcon_core.environment:checking '/home/zoli/Asztal/kotpro/install/turtlebot_control/lib'
[0.886s] Level 1:colcon.colcon_core.environment:checking '/home/zoli/Asztal/kotpro/install/turtlebot_control/bin'
[0.886s] Level 1:colcon.colcon_core.environment:checking '/home/zoli/Asztal/kotpro/install/turtlebot_control/lib/pkgconfig/turtlebot_control.pc'
[0.886s] Level 1:colcon.colcon_core.environment:checking '/home/zoli/Asztal/kotpro/install/turtlebot_control/lib/python3.8/site-packages'
[0.886s] Level 1:colcon.colcon_core.shell:create_environment_hook('turtlebot_control', 'pythonpath')
[0.887s] INFO:colcon.colcon_core.shell:Creating environment hook '/home/zoli/Asztal/kotpro/install/turtlebot_control/share/turtlebot_control/hook/pythonpath.ps1'
[0.887s] INFO:colcon.colcon_core.shell:Creating environment descriptor '/home/zoli/Asztal/kotpro/install/turtlebot_control/share/turtlebot_control/hook/pythonpath.dsv'
[0.888s] INFO:colcon.colcon_core.shell:Creating environment hook '/home/zoli/Asztal/kotpro/install/turtlebot_control/share/turtlebot_control/hook/pythonpath.sh'
[0.888s] Level 1:colcon.colcon_core.environment:checking '/home/zoli/Asztal/kotpro/install/turtlebot_control/bin'
[0.888s] Level 1:colcon.colcon_core.environment:create_environment_scripts_only(turtlebot_control)
[0.889s] INFO:colcon.colcon_core.shell:Creating package script '/home/zoli/Asztal/kotpro/install/turtlebot_control/share/turtlebot_control/package.ps1'
[0.889s] INFO:colcon.colcon_core.shell:Creating package descriptor '/home/zoli/Asztal/kotpro/install/turtlebot_control/share/turtlebot_control/package.dsv'
[0.890s] INFO:colcon.colcon_core.shell:Creating package script '/home/zoli/Asztal/kotpro/install/turtlebot_control/share/turtlebot_control/package.sh'
[0.890s] INFO:colcon.colcon_core.shell:Creating package script '/home/zoli/Asztal/kotpro/install/turtlebot_control/share/turtlebot_control/package.bash'
[0.891s] INFO:colcon.colcon_core.shell:Creating package script '/home/zoli/Asztal/kotpro/install/turtlebot_control/share/turtlebot_control/package.zsh'
[0.892s] Level 1:colcon.colcon_core.environment:create_file_with_runtime_dependencies(/home/zoli/Asztal/kotpro/install/turtlebot_control/share/colcon-core/packages/turtlebot_control)
[0.892s] DEBUG:colcon.colcon_parallel_executor.executor.parallel:closing loop
[0.892s] DEBUG:colcon.colcon_parallel_executor.executor.parallel:loop closed
[0.892s] DEBUG:colcon.colcon_parallel_executor.executor.parallel:run_until_complete finished with '0'
[0.892s] DEBUG:colcon.colcon_core.event_reactor:joining thread
[0.896s] INFO:colcon.colcon_core.plugin_system:Skipping extension 'colcon_notification.desktop_notification.terminal_notifier': Not used on non-Darwin systems
[0.896s] INFO:colcon.colcon_core.plugin_system:Skipping extension 'colcon_notification.desktop_notification.win32': Not used on non-Windows systems
[0.896s] INFO:colcon.colcon_notification.desktop_notification:Sending desktop notification using 'notify2'
[0.907s] DEBUG:colcon.colcon_core.event_reactor:joined thread
[0.907s] INFO:colcon.colcon_core.shell:Creating prefix script '/home/zoli/Asztal/kotpro/install/local_setup.ps1'
[0.908s] INFO:colcon.colcon_core.shell:Creating prefix util module '/home/zoli/Asztal/kotpro/install/_local_setup_util_ps1.py'
[0.909s] INFO:colcon.colcon_core.shell:Creating prefix chain script '/home/zoli/Asztal/kotpro/install/setup.ps1'
[0.910s] INFO:colcon.colcon_core.shell:Creating prefix script '/home/zoli/Asztal/kotpro/install/local_setup.sh'
[0.910s] INFO:colcon.colcon_core.shell:Creating prefix util module '/home/zoli/Asztal/kotpro/install/_local_setup_util_sh.py'
[0.910s] INFO:colcon.colcon_core.shell:Creating prefix chain script '/home/zoli/Asztal/kotpro/install/setup.sh'
[0.911s] INFO:colcon.colcon_core.shell:Creating prefix script '/home/zoli/Asztal/kotpro/install/local_setup.bash'
[0.912s] INFO:colcon.colcon_core.shell:Creating prefix chain script '/home/zoli/Asztal/kotpro/install/setup.bash'
[0.913s] INFO:colcon.colcon_core.shell:Creating prefix script '/home/zoli/Asztal/kotpro/install/local_setup.zsh'
[0.913s] INFO:colcon.colcon_core.shell:Creating prefix chain script '/home/zoli/Asztal/kotpro/install/setup.zsh'
